<?xml version="1.0" encoding="UTF-8"?>
<!-- Generated by org.testng.reporters.JUnitReportReporter -->
<testsuite hostname="DESKTOP-DRKC6J6" failures="0" tests="1" name="MakeMyTrip.MakeMyTripAutomation.AppTest" time="163.660" errors="0" timestamp="2024-12-12T16:43:07 IST" skipped="0">
  <testcase classname="MakeMyTrip.MakeMyTripAutomation.AppTest" name="ReadExcelData" time="163.660"/>
</testsuite> <!-- MakeMyTrip.MakeMyTripAutomation.AppTest -->
