<?xml version="1.0" encoding="UTF-8"?>
<!-- Generated by org.testng.reporters.JUnitReportReporter -->
<testsuite hostname="DESKTOP-DRKC6J6" failures="0" tests="1" name="MakeMyTrip.MakeMyTripAutomation.AppTest" time="50.572" errors="0" timestamp="2025-02-08T15:45:30 IST" skipped="0">
  <testcase classname="MakeMyTrip.MakeMyTripAutomation.AppTest" name="performSearch" time="50.572"/>
</testsuite> <!-- MakeMyTrip.MakeMyTripAutomation.AppTest -->
