<?xml version="1.0" encoding="UTF-8"?>
<!-- Generated by org.testng.reporters.JUnitReportReporter -->
<testsuite hostname="DESKTOP-DRKC6J6" failures="0" tests="1" name="MakeMyTrip.MakeMyTripAutomation.AppTest" time="65.703" errors="0" timestamp="2025-02-08T01:43:50 IST" skipped="0">
  <testcase classname="MakeMyTrip.MakeMyTripAutomation.AppTest" name="performSearch" time="65.703"/>
</testsuite> <!-- MakeMyTrip.MakeMyTripAutomation.AppTest -->
